2022-09-04 02:13:59.758  INFO 1880 --- [restartedMain] m.f.FarmerManagementApplication          : Starting FarmerManagementApplication using Java 17.0.2 on DESKTOP-MNVVU2I with PID 1880 (E:\Study\CG BU Project\Agriculture Crop System\Farmer-Management\target\classes started by HP in E:\Study\CG BU Project\Agriculture Crop System\Farmer-Management)
2022-09-04 02:13:59.828 DEBUG 1880 --- [restartedMain] m.f.FarmerManagementApplication          : Running with Spring Boot v2.7.3, Spring v5.3.22
2022-09-04 02:13:59.830  INFO 1880 --- [restartedMain] m.f.FarmerManagementApplication          : No active profile set, falling back to 1 default profile: "default"
2022-09-04 02:13:59.975  INFO 1880 --- [restartedMain] .e.DevToolsPropertyDefaultsPostProcessor : Devtools property defaults active! Set 'spring.devtools.add-properties' to 'false' to disable
2022-09-04 02:13:59.976  INFO 1880 --- [restartedMain] .e.DevToolsPropertyDefaultsPostProcessor : For additional web related logging consider setting the 'logging.level.web' property to 'DEBUG'
2022-09-04 02:14:02.321  INFO 1880 --- [restartedMain] .s.d.r.c.RepositoryConfigurationDelegate : Bootstrapping Spring Data MongoDB repositories in DEFAULT mode.
2022-09-04 02:14:02.659  INFO 1880 --- [restartedMain] .s.d.r.c.RepositoryConfigurationDelegate : Finished Spring Data repository scanning in 327 ms. Found 1 MongoDB repository interfaces.
2022-09-04 02:14:03.232  INFO 1880 --- [restartedMain] o.s.cloud.context.scope.GenericScope     : BeanFactory id=427707ad-c5f7-3d8d-b28c-1186fbefc4d7
2022-09-04 02:14:04.837  INFO 1880 --- [restartedMain] o.s.b.w.embedded.tomcat.TomcatWebServer  : Tomcat initialized with port(s): 8052 (http)
2022-09-04 02:14:04.856  INFO 1880 --- [restartedMain] o.apache.catalina.core.StandardService   : Starting service [Tomcat]
2022-09-04 02:14:04.858  INFO 1880 --- [restartedMain] org.apache.catalina.core.StandardEngine  : Starting Servlet engine: [Apache Tomcat/9.0.65]
2022-09-04 02:14:05.082  INFO 1880 --- [restartedMain] o.a.c.c.C.[Tomcat].[localhost].[/]       : Initializing Spring embedded WebApplicationContext
2022-09-04 02:14:05.083  INFO 1880 --- [restartedMain] w.s.c.ServletWebServerApplicationContext : Root WebApplicationContext: initialization completed in 5105 ms
2022-09-04 02:14:05.865  INFO 1880 --- [restartedMain] org.mongodb.driver.client                : MongoClient with metadata {"driver": {"name": "mongo-java-driver|sync|spring-boot", "version": "4.6.1"}, "os": {"type": "Windows", "name": "Windows 10", "architecture": "amd64", "version": "10.0"}, "platform": "Java/Eclipse Adoptium/17.0.2+8"} created with settings MongoClientSettings{readPreference=primary, writeConcern=WriteConcern{w=majority, wTimeout=null ms, journal=null}, retryWrites=true, retryReads=true, readConcern=ReadConcern{level=null}, credential=MongoCredential{mechanism=null, userName='subhabrata', source='admin', password=<hidden>, mechanismProperties=<hidden>}, streamFactoryFactory=null, commandListeners=[], codecRegistry=ProvidersCodecRegistry{codecProviders=[ValueCodecProvider{}, BsonValueCodecProvider{}, DBRefCodecProvider{}, DBObjectCodecProvider{}, DocumentCodecProvider{}, IterableCodecProvider{}, MapCodecProvider{}, GeoJsonCodecProvider{}, GridFSFileCodecProvider{}, Jsr310CodecProvider{}, JsonObjectCodecProvider{}, BsonCodecProvider{}, EnumCodecProvider{}, com.mongodb.Jep395RecordCodecProvider@91ffc8f]}, clusterSettings={hosts=[127.0.0.1:27017], srvHost=cropmanagement.4lonlyx.mongodb.net, srvServiceName=mongodb, mode=MULTIPLE, requiredClusterType=REPLICA_SET, requiredReplicaSetName='atlas-zo1y4x-shard-0', serverSelector='null', clusterListeners='[]', serverSelectionTimeout='30000 ms', localThreshold='30000 ms'}, socketSettings=SocketSettings{connectTimeoutMS=10000, readTimeoutMS=0, receiveBufferSize=0, sendBufferSize=0}, heartbeatSocketSettings=SocketSettings{connectTimeoutMS=10000, readTimeoutMS=10000, receiveBufferSize=0, sendBufferSize=0}, connectionPoolSettings=ConnectionPoolSettings{maxSize=100, minSize=0, maxWaitTimeMS=120000, maxConnectionLifeTimeMS=0, maxConnectionIdleTimeMS=0, maintenanceInitialDelayMS=0, maintenanceFrequencyMS=60000, connectionPoolListeners=[], maxConnecting=2}, serverSettings=ServerSettings{heartbeatFrequencyMS=10000, minHeartbeatFrequencyMS=500, serverListeners='[]', serverMonitorListeners='[]'}, sslSettings=SslSettings{enabled=true, invalidHostNameAllowed=false, context=null}, applicationName='null', compressorList=[], uuidRepresentation=JAVA_LEGACY, serverApi=null, autoEncryptionSettings=null, contextProvider=null}
2022-09-04 02:14:05.995  INFO 1880 --- [cluster-ClusterId{value='6313bc9575f46619df065068', description='null'}-srv-cropmanagement.4lonlyx.mongodb.net] org.mongodb.driver.cluster               : Adding discovered server ac-lkzolhx-shard-00-00.4lonlyx.mongodb.net:27017 to client view of cluster
2022-09-04 02:14:06.020  WARN 1880 --- [restartedMain] o.s.data.convert.CustomConversions       : Registering converter from class java.time.LocalDateTime to class org.joda.time.LocalDateTime as reading converter although it doesn't convert from a store-supported type; You might want to check your annotation setup at the converter implementation
2022-09-04 02:14:06.045  INFO 1880 --- [cluster-ClusterId{value='6313bc9575f46619df065068', description='null'}-srv-cropmanagement.4lonlyx.mongodb.net] org.mongodb.driver.cluster               : Adding discovered server ac-lkzolhx-shard-00-01.4lonlyx.mongodb.net:27017 to client view of cluster
2022-09-04 02:14:06.048  INFO 1880 --- [cluster-ClusterId{value='6313bc9575f46619df065068', description='null'}-srv-cropmanagement.4lonlyx.mongodb.net] org.mongodb.driver.cluster               : Adding discovered server ac-lkzolhx-shard-00-02.4lonlyx.mongodb.net:27017 to client view of cluster
2022-09-04 02:14:06.340  WARN 1880 --- [restartedMain] o.s.b.d.a.OptionalLiveReloadServer       : Unable to start LiveReload server
2022-09-04 02:14:06.551  WARN 1880 --- [restartedMain] o.s.data.convert.CustomConversions       : Registering converter from class java.time.LocalDateTime to class org.joda.time.LocalDateTime as reading converter although it doesn't convert from a store-supported type; You might want to check your annotation setup at the converter implementation
2022-09-04 02:14:07.077  INFO 1880 --- [cluster-ClusterId{value='6313bc9575f46619df065068', description='null'}-ac-lkzolhx-shard-00-01.4lonlyx.mongodb.net:27017] org.mongodb.driver.connection            : Opened connection [connectionId{localValue:5, serverValue:128505}] to ac-lkzolhx-shard-00-01.4lonlyx.mongodb.net:27017
2022-09-04 02:14:07.078  INFO 1880 --- [cluster-ClusterId{value='6313bc9575f46619df065068', description='null'}-ac-lkzolhx-shard-00-01.4lonlyx.mongodb.net:27017] org.mongodb.driver.cluster               : Monitor thread successfully connected to server with description ServerDescription{address=ac-lkzolhx-shard-00-01.4lonlyx.mongodb.net:27017, type=REPLICA_SET_SECONDARY, state=CONNECTED, ok=true, minWireVersion=0, maxWireVersion=13, maxDocumentSize=16777216, logicalSessionTimeoutMinutes=30, roundTripTimeNanos=419212500, setName='atlas-zo1y4x-shard-0', canonicalAddress=ac-lkzolhx-shard-00-01.4lonlyx.mongodb.net:27017, hosts=[ac-lkzolhx-shard-00-02.4lonlyx.mongodb.net:27017, ac-lkzolhx-shard-00-00.4lonlyx.mongodb.net:27017, ac-lkzolhx-shard-00-01.4lonlyx.mongodb.net:27017], passives=[], arbiters=[], primary='ac-lkzolhx-shard-00-02.4lonlyx.mongodb.net:27017', tagSet=TagSet{[Tag{name='nodeType', value='ELECTABLE'}, Tag{name='provider', value='AWS'}, Tag{name='region', value='AP_SOUTH_1'}, Tag{name='workloadType', value='OPERATIONAL'}]}, electionId=null, setVersion=6, topologyVersion=TopologyVersion{processId=630dcd7f0009fbc186833600, counter=3}, lastWriteDate=Sun Sep 04 02:14:06 IST 2022, lastUpdateTimeNanos=463248465081700}
2022-09-04 02:14:07.080  INFO 1880 --- [cluster-ClusterId{value='6313bc9575f46619df065068', description='null'}-ac-lkzolhx-shard-00-00.4lonlyx.mongodb.net:27017] org.mongodb.driver.connection            : Opened connection [connectionId{localValue:1, serverValue:129219}] to ac-lkzolhx-shard-00-00.4lonlyx.mongodb.net:27017
2022-09-04 02:14:07.080  INFO 1880 --- [cluster-ClusterId{value='6313bc9575f46619df065068', description='null'}-ac-lkzolhx-shard-00-02.4lonlyx.mongodb.net:27017] org.mongodb.driver.connection            : Opened connection [connectionId{localValue:3, serverValue:135168}] to ac-lkzolhx-shard-00-02.4lonlyx.mongodb.net:27017
2022-09-04 02:14:07.081  INFO 1880 --- [cluster-ClusterId{value='6313bc9575f46619df065068', description='null'}-ac-lkzolhx-shard-00-00.4lonlyx.mongodb.net:27017] org.mongodb.driver.cluster               : Monitor thread successfully connected to server with description ServerDescription{address=ac-lkzolhx-shard-00-00.4lonlyx.mongodb.net:27017, type=REPLICA_SET_SECONDARY, state=CONNECTED, ok=true, minWireVersion=0, maxWireVersion=13, maxDocumentSize=16777216, logicalSessionTimeoutMinutes=30, roundTripTimeNanos=422434700, setName='atlas-zo1y4x-shard-0', canonicalAddress=ac-lkzolhx-shard-00-00.4lonlyx.mongodb.net:27017, hosts=[ac-lkzolhx-shard-00-02.4lonlyx.mongodb.net:27017, ac-lkzolhx-shard-00-00.4lonlyx.mongodb.net:27017, ac-lkzolhx-shard-00-01.4lonlyx.mongodb.net:27017], passives=[], arbiters=[], primary='ac-lkzolhx-shard-00-02.4lonlyx.mongodb.net:27017', tagSet=TagSet{[Tag{name='nodeType', value='ELECTABLE'}, Tag{name='provider', value='AWS'}, Tag{name='region', value='AP_SOUTH_1'}, Tag{name='workloadType', value='OPERATIONAL'}]}, electionId=null, setVersion=6, topologyVersion=TopologyVersion{processId=630dcb2bf4834a836fc514fd, counter=4}, lastWriteDate=Sun Sep 04 02:14:06 IST 2022, lastUpdateTimeNanos=463248470068400}
2022-09-04 02:14:07.082  INFO 1880 --- [cluster-ClusterId{value='6313bc9575f46619df065068', description='null'}-ac-lkzolhx-shard-00-02.4lonlyx.mongodb.net:27017] org.mongodb.driver.cluster               : Monitor thread successfully connected to server with description ServerDescription{address=ac-lkzolhx-shard-00-02.4lonlyx.mongodb.net:27017, type=REPLICA_SET_PRIMARY, state=CONNECTED, ok=true, minWireVersion=0, maxWireVersion=13, maxDocumentSize=16777216, logicalSessionTimeoutMinutes=30, roundTripTimeNanos=447352300, setName='atlas-zo1y4x-shard-0', canonicalAddress=ac-lkzolhx-shard-00-02.4lonlyx.mongodb.net:27017, hosts=[ac-lkzolhx-shard-00-02.4lonlyx.mongodb.net:27017, ac-lkzolhx-shard-00-00.4lonlyx.mongodb.net:27017, ac-lkzolhx-shard-00-01.4lonlyx.mongodb.net:27017], passives=[], arbiters=[], primary='ac-lkzolhx-shard-00-02.4lonlyx.mongodb.net:27017', tagSet=TagSet{[Tag{name='nodeType', value='ELECTABLE'}, Tag{name='provider', value='AWS'}, Tag{name='region', value='AP_SOUTH_1'}, Tag{name='workloadType', value='OPERATIONAL'}]}, electionId=7fffffff0000000000000098, setVersion=6, topologyVersion=TopologyVersion{processId=630dcc6dfe203e6a107eb095, counter=6}, lastWriteDate=Sun Sep 04 02:14:06 IST 2022, lastUpdateTimeNanos=463248470594300}
2022-09-04 02:14:07.084  INFO 1880 --- [cluster-rtt-ClusterId{value='6313bc9575f46619df065068', description='null'}-ac-lkzolhx-shard-00-02.4lonlyx.mongodb.net:27017] org.mongodb.driver.connection            : Opened connection [connectionId{localValue:4, serverValue:135168}] to ac-lkzolhx-shard-00-02.4lonlyx.mongodb.net:27017
2022-09-04 02:14:07.085  INFO 1880 --- [cluster-rtt-ClusterId{value='6313bc9575f46619df065068', description='null'}-ac-lkzolhx-shard-00-00.4lonlyx.mongodb.net:27017] org.mongodb.driver.connection            : Opened connection [connectionId{localValue:6, serverValue:129219}] to ac-lkzolhx-shard-00-00.4lonlyx.mongodb.net:27017
2022-09-04 02:14:07.090  INFO 1880 --- [cluster-rtt-ClusterId{value='6313bc9575f46619df065068', description='null'}-ac-lkzolhx-shard-00-01.4lonlyx.mongodb.net:27017] org.mongodb.driver.connection            : Opened connection [connectionId{localValue:2, serverValue:128505}] to ac-lkzolhx-shard-00-01.4lonlyx.mongodb.net:27017
2022-09-04 02:14:07.090  INFO 1880 --- [cluster-ClusterId{value='6313bc9575f46619df065068', description='null'}-ac-lkzolhx-shard-00-02.4lonlyx.mongodb.net:27017] org.mongodb.driver.cluster               : Setting max election id to 7fffffff0000000000000098 from replica set primary ac-lkzolhx-shard-00-02.4lonlyx.mongodb.net:27017
2022-09-04 02:14:07.091  INFO 1880 --- [cluster-ClusterId{value='6313bc9575f46619df065068', description='null'}-ac-lkzolhx-shard-00-02.4lonlyx.mongodb.net:27017] org.mongodb.driver.cluster               : Setting max set version to 6 from replica set primary ac-lkzolhx-shard-00-02.4lonlyx.mongodb.net:27017
2022-09-04 02:14:07.091  INFO 1880 --- [cluster-ClusterId{value='6313bc9575f46619df065068', description='null'}-ac-lkzolhx-shard-00-02.4lonlyx.mongodb.net:27017] org.mongodb.driver.cluster               : Discovered replica set primary ac-lkzolhx-shard-00-02.4lonlyx.mongodb.net:27017
2022-09-04 02:14:09.138  WARN 1880 --- [restartedMain] c.n.c.sources.URLConfigurationSource     : No URLs will be polled as dynamic configuration sources.
2022-09-04 02:14:09.139  INFO 1880 --- [restartedMain] c.n.c.sources.URLConfigurationSource     : To enable URLs as dynamic configuration sources, define System property archaius.configurationSource.additionalUrls or make config.properties available on classpath.
2022-09-04 02:14:09.148  WARN 1880 --- [restartedMain] c.n.c.sources.URLConfigurationSource     : No URLs will be polled as dynamic configuration sources.
2022-09-04 02:14:09.149  INFO 1880 --- [restartedMain] c.n.c.sources.URLConfigurationSource     : To enable URLs as dynamic configuration sources, define System property archaius.configurationSource.additionalUrls or make config.properties available on classpath.
2022-09-04 02:14:10.692  INFO 1880 --- [restartedMain] DiscoveryClientOptionalArgsConfiguration : Eureka HTTP Client uses RestTemplate.
2022-09-04 02:14:11.145  WARN 1880 --- [restartedMain] iguration$LoadBalancerCaffeineWarnLogger : Spring Cloud LoadBalancer is currently working with the default cache. While this cache implementation is useful for development and tests, it's recommended to use Caffeine cache in production.You can switch to using Caffeine cache, by adding it and org.springframework.cache.caffeine.CaffeineCacheManager to the classpath.
2022-09-04 02:14:11.836  INFO 1880 --- [restartedMain] o.s.c.n.eureka.InstanceInfoFactory       : Setting initial instance status as: STARTING
2022-09-04 02:14:11.925  INFO 1880 --- [restartedMain] com.netflix.discovery.DiscoveryClient    : Initializing Eureka in region us-east-1
2022-09-04 02:14:11.934  INFO 1880 --- [restartedMain] c.n.d.s.r.aws.ConfigClusterResolver      : Resolving eureka endpoints via configuration
2022-09-04 02:14:11.994  INFO 1880 --- [restartedMain] com.netflix.discovery.DiscoveryClient    : Disable delta property : false
2022-09-04 02:14:11.995  INFO 1880 --- [restartedMain] com.netflix.discovery.DiscoveryClient    : Single vip registry refresh property : null
2022-09-04 02:14:11.995  INFO 1880 --- [restartedMain] com.netflix.discovery.DiscoveryClient    : Force full registry fetch : false
2022-09-04 02:14:11.995  INFO 1880 --- [restartedMain] com.netflix.discovery.DiscoveryClient    : Application is null : false
2022-09-04 02:14:11.995  INFO 1880 --- [restartedMain] com.netflix.discovery.DiscoveryClient    : Registered Applications size is zero : true
2022-09-04 02:14:11.996  INFO 1880 --- [restartedMain] com.netflix.discovery.DiscoveryClient    : Application version is -1: true
2022-09-04 02:14:11.996  INFO 1880 --- [restartedMain] com.netflix.discovery.DiscoveryClient    : Getting all instance registry info from the eureka server
2022-09-04 02:14:12.435  INFO 1880 --- [restartedMain] com.netflix.discovery.DiscoveryClient    : The response status is 200
2022-09-04 02:14:12.445  INFO 1880 --- [restartedMain] com.netflix.discovery.DiscoveryClient    : Starting heartbeat executor: renew interval is: 30
2022-09-04 02:14:12.482  INFO 1880 --- [restartedMain] c.n.discovery.InstanceInfoReplicator     : InstanceInfoReplicator onDemand update allowed rate per min is 4
2022-09-04 02:14:12.501  INFO 1880 --- [restartedMain] com.netflix.discovery.DiscoveryClient    : Discovery Client initialized at timestamp 1662237852500 with initial instances count: 2
2022-09-04 02:14:12.521  INFO 1880 --- [restartedMain] o.s.c.n.e.s.EurekaServiceRegistry        : Registering application FARMER-MANAGEMENT with eureka with status UP
2022-09-04 02:14:12.522  INFO 1880 --- [restartedMain] com.netflix.discovery.DiscoveryClient    : Saw local status change event StatusChangeEvent [timestamp=1662237852522, current=UP, previous=STARTING]
2022-09-04 02:14:12.525  INFO 1880 --- [DiscoveryClient-InstanceInfoReplicator-0] com.netflix.discovery.DiscoveryClient    : DiscoveryClient_FARMER-MANAGEMENT/DESKTOP-MNVVU2I:Farmer-Management:8052: registering service...
2022-09-04 02:14:12.615  INFO 1880 --- [restartedMain] o.s.b.w.embedded.tomcat.TomcatWebServer  : Tomcat started on port(s): 8052 (http) with context path ''
2022-09-04 02:14:12.621  INFO 1880 --- [restartedMain] .s.c.n.e.s.EurekaAutoServiceRegistration : Updating port to 8052
2022-09-04 02:14:12.638  INFO 1880 --- [DiscoveryClient-InstanceInfoReplicator-0] com.netflix.discovery.DiscoveryClient    : DiscoveryClient_FARMER-MANAGEMENT/DESKTOP-MNVVU2I:Farmer-Management:8052 - registration status: 204
2022-09-04 02:14:13.252  INFO 1880 --- [restartedMain] o.s.a.r.c.CachingConnectionFactory       : Attempting to connect to: [localhost:5672]
2022-09-04 02:14:13.485  INFO 1880 --- [restartedMain] o.s.a.r.c.CachingConnectionFactory       : Created new connection: rabbitConnectionFactory#36cc0add:0/SimpleConnection@4ef51b24 [delegate=amqp://guest@127.0.0.1:5672/, localPort= 51424]
2022-09-04 02:14:13.643  INFO 1880 --- [restartedMain] m.f.FarmerManagementApplication          : Started FarmerManagementApplication in 14.884 seconds (JVM running for 16.78)
2022-09-04 02:14:34.748  INFO 1880 --- [http-nio-8052-exec-1] o.a.c.c.C.[Tomcat].[localhost].[/]       : Initializing Spring DispatcherServlet 'dispatcherServlet'
2022-09-04 02:14:34.749  INFO 1880 --- [http-nio-8052-exec-1] o.s.web.servlet.DispatcherServlet        : Initializing Servlet 'dispatcherServlet'
2022-09-04 02:14:34.755  INFO 1880 --- [http-nio-8052-exec-1] o.s.web.servlet.DispatcherServlet        : Completed initialization in 5 ms
2022-09-04 02:14:35.787  INFO 1880 --- [http-nio-8052-exec-1] org.mongodb.driver.connection            : Opened connection [connectionId{localValue:7, serverValue:135278}] to ac-lkzolhx-shard-00-02.4lonlyx.mongodb.net:27017
2022-09-04 02:14:37.036  WARN 1880 --- [http-nio-8052-exec-2] o.s.web.servlet.PageNotFound             : No mapping for GET /favicon.ico
2022-09-04 02:19:12.012  INFO 1880 --- [AsyncResolver-bootstrap-executor-0] c.n.d.s.r.aws.ConfigClusterResolver      : Resolving eureka endpoints via configuration
2022-09-04 02:21:15.291  INFO 1880 --- [RMI TCP Connection(17)-127.0.0.1] inMXBeanRegistrar$SpringApplicationAdmin : Application shutdown requested.
2022-09-04 02:21:15.375  INFO 1880 --- [RMI TCP Connection(17)-127.0.0.1] o.s.c.n.e.s.EurekaServiceRegistry        : Unregistering application FARMER-MANAGEMENT with eureka with status DOWN
2022-09-04 02:21:15.376  INFO 1880 --- [RMI TCP Connection(17)-127.0.0.1] com.netflix.discovery.DiscoveryClient    : Saw local status change event StatusChangeEvent [timestamp=1662238275376, current=DOWN, previous=UP]
2022-09-04 02:21:15.378  INFO 1880 --- [DiscoveryClient-InstanceInfoReplicator-0] com.netflix.discovery.DiscoveryClient    : DiscoveryClient_FARMER-MANAGEMENT/DESKTOP-MNVVU2I:Farmer-Management:8052: registering service...
2022-09-04 02:21:15.433  INFO 1880 --- [DiscoveryClient-InstanceInfoReplicator-0] com.netflix.discovery.DiscoveryClient    : DiscoveryClient_FARMER-MANAGEMENT/DESKTOP-MNVVU2I:Farmer-Management:8052 - registration status: 204
2022-09-04 02:21:15.711  INFO 1880 --- [org.springframework.amqp.rabbit.RabbitListenerEndpointContainer#0-2] o.s.a.r.l.SimpleMessageListenerContainer : Waiting for workers to finish.
2022-09-04 02:21:15.766  INFO 1880 --- [org.springframework.amqp.rabbit.RabbitListenerEndpointContainer#0-2] o.s.a.r.l.SimpleMessageListenerContainer : Successfully waited for workers to finish.
2022-09-04 02:21:15.827  INFO 1880 --- [RMI TCP Connection(17)-127.0.0.1] o.apache.catalina.core.StandardService   : Stopping service [Tomcat]
2022-09-04 02:21:15.846  INFO 1880 --- [RMI TCP Connection(17)-127.0.0.1] o.a.c.c.C.[Tomcat].[localhost].[/]       : Destroying Spring FrameworkServlet 'dispatcherServlet'
2022-09-04 02:21:16.037  INFO 1880 --- [RMI TCP Connection(17)-127.0.0.1] o.s.a.r.l.SimpleMessageListenerContainer : Shutdown ignored - container is already stopped
2022-09-04 02:21:16.181  WARN 1880 --- [RMI TCP Connection(17)-127.0.0.1] c.n.c.sources.URLConfigurationSource     : No URLs will be polled as dynamic configuration sources.
2022-09-04 02:21:16.182  INFO 1880 --- [RMI TCP Connection(17)-127.0.0.1] c.n.c.sources.URLConfigurationSource     : To enable URLs as dynamic configuration sources, define System property archaius.configurationSource.additionalUrls or make config.properties available on classpath.
2022-09-04 02:21:16.740  INFO 1880 --- [RMI TCP Connection(17)-127.0.0.1] com.netflix.discovery.DiscoveryClient    : Shutting down DiscoveryClient ...
